{"uid":"1111804aebdb8a7d","name":"Add to Cart","fullName":"src/test/resources/FeatureCart.feature:3","historyId":"c60633cb81d090e1e6dcc8cf04f37582","time":{"start":1701939269792,"stop":1701939275482,"duration":5690},"status":"failed","statusMessage":"expected [falcon 9] but found [[[ChromeDriver: chrome on windows (304332e5d739bf013969f1fdf86ec368)] -> xpath: //a[text()='Falcon 9']]]","statusTrace":"java.lang.AssertionError: expected [falcon 9] but found [[[ChromeDriver: chrome on windows (304332e5d739bf013969f1fdf86ec368)] -> xpath: //a[text()='Falcon 9']]]\r\n\tat org.testng.Assert.fail(Assert.java:111)\r\n\tat org.testng.Assert.failNotEquals(Assert.java:1578)\r\n\tat org.testng.Assert.assertEqualsImpl(Assert.java:150)\r\n\tat org.testng.Assert.assertEquals(Assert.java:132)\r\n\tat org.testng.Assert.assertEquals(Assert.java:644)\r\n\tat stepdefs.CartStepdefs.theProductShouldBeInCart(CartStepdefs.java:40)\r\n\tat ✽.the product \"falcon 9\" should be in Cart(file:///C:/Users/Haldun35/IdeaProjects/DemosBellatrix_HA/src/test/resources/FeatureCart.feature:7)\r\n","flaky":false,"newFailed":false,"newBroken":false,"newPassed":false,"retriesCount":0,"retriesStatusChange":false,"beforeStages":[],"testStage":{"status":"failed","statusMessage":"expected [falcon 9] but found [[[ChromeDriver: chrome on windows (304332e5d739bf013969f1fdf86ec368)] -> xpath: //a[text()='Falcon 9']]]","statusTrace":"java.lang.AssertionError: expected [falcon 9] but found [[[ChromeDriver: chrome on windows (304332e5d739bf013969f1fdf86ec368)] -> xpath: //a[text()='Falcon 9']]]\r\n\tat org.testng.Assert.fail(Assert.java:111)\r\n\tat org.testng.Assert.failNotEquals(Assert.java:1578)\r\n\tat org.testng.Assert.assertEqualsImpl(Assert.java:150)\r\n\tat org.testng.Assert.assertEquals(Assert.java:132)\r\n\tat org.testng.Assert.assertEquals(Assert.java:644)\r\n\tat stepdefs.CartStepdefs.theProductShouldBeInCart(CartStepdefs.java:40)\r\n\tat ✽.the product \"falcon 9\" should be in Cart(file:///C:/Users/Haldun35/IdeaProjects/DemosBellatrix_HA/src/test/resources/FeatureCart.feature:7)\r\n","steps":[{"name":"Given  user on homepage","time":{"start":1701939269797,"stop":1701939273483,"duration":3686},"status":"passed","steps":[],"attachments":[],"parameters":[],"shouldDisplayMessage":false,"attachmentsCount":0,"stepsCount":0,"hasContent":false},{"name":"When  user add the product \"falcon 9\" to the cart","time":{"start":1701939273484,"stop":1701939274011,"duration":527},"status":"passed","steps":[],"attachments":[],"parameters":[],"shouldDisplayMessage":false,"attachmentsCount":0,"stepsCount":0,"hasContent":false},{"name":"And  user click to Cart","time":{"start":1701939274012,"stop":1701939275269,"duration":1257},"status":"passed","steps":[],"attachments":[],"parameters":[],"shouldDisplayMessage":false,"attachmentsCount":0,"stepsCount":0,"hasContent":false},{"name":"Then  the product \"falcon 9\" should be in Cart","time":{"start":1701939275269,"stop":1701939275294,"duration":25},"status":"failed","statusMessage":"expected [falcon 9] but found [[[ChromeDriver: chrome on windows (304332e5d739bf013969f1fdf86ec368)] -> xpath: //a[text()='Falcon 9']]]","statusTrace":"java.lang.AssertionError: expected [falcon 9] but found [[[ChromeDriver: chrome on windows (304332e5d739bf013969f1fdf86ec368)] -> xpath: //a[text()='Falcon 9']]]\r\n\tat org.testng.Assert.fail(Assert.java:111)\r\n\tat org.testng.Assert.failNotEquals(Assert.java:1578)\r\n\tat org.testng.Assert.assertEqualsImpl(Assert.java:150)\r\n\tat org.testng.Assert.assertEquals(Assert.java:132)\r\n\tat org.testng.Assert.assertEquals(Assert.java:644)\r\n\tat stepdefs.CartStepdefs.theProductShouldBeInCart(CartStepdefs.java:40)\r\n\tat ✽.the product \"falcon 9\" should be in Cart(file:///C:/Users/Haldun35/IdeaProjects/DemosBellatrix_HA/src/test/resources/FeatureCart.feature:7)\r\n","steps":[],"attachments":[],"parameters":[],"shouldDisplayMessage":true,"attachmentsCount":0,"stepsCount":0,"hasContent":true}],"attachments":[],"parameters":[],"shouldDisplayMessage":false,"attachmentsCount":0,"stepsCount":4,"hasContent":true},"afterStages":[{"name":"stepdefs.Hooks.teardown()","time":{"start":1701939275300,"stop":1701939275481,"duration":181},"status":"passed","steps":[],"attachments":[],"parameters":[],"shouldDisplayMessage":false,"attachmentsCount":0,"stepsCount":0,"hasContent":false}],"labels":[{"name":"host","value":"PF3XDQCF"},{"name":"thread","value":"1744@PF3XDQCF.main(1)"},{"name":"feature","value":"Add to Cart"},{"name":"story","value":"Add to Cart"},{"name":"suite","value":"Add to Cart"},{"name":"testClass","value":"Add to Cart"},{"name":"framework","value":"cucumber4jvm"},{"name":"language","value":"java"},{"name":"gherkin_uri","value":"file:///C:/Users/Haldun35/IdeaProjects/DemosBellatrix_HA/src/test/resources/FeatureCart.feature"},{"name":"package","value":"src.test.resources.FeatureCart_feature.Add to Cart"},{"name":"resultFormat","value":"allure2"}],"parameters":[],"links":[],"hidden":true,"retry":true,"extra":{"categories":[],"tags":[]},"source":"1111804aebdb8a7d.json","parameterValues":[]}