{"uid":"56f4aa5242bd0eba","name":"Add to Cart","fullName":"src/test/resources/FeatureCart.feature:3","historyId":"c60633cb81d090e1e6dcc8cf04f37582","time":{"start":1701949339059,"stop":1701949344408,"duration":5349},"status":"failed","statusMessage":"expected [Falcon 9] but found [[[ChromeDriver: chrome on windows (3dfc032ab7d9ab605af5a16b49756be8)] -> xpath: //a[text()='Falcon 9']]]","statusTrace":"java.lang.AssertionError: expected [Falcon 9] but found [[[ChromeDriver: chrome on windows (3dfc032ab7d9ab605af5a16b49756be8)] -> xpath: //a[text()='Falcon 9']]]\r\n\tat org.testng.Assert.fail(Assert.java:111)\r\n\tat org.testng.Assert.failNotEquals(Assert.java:1578)\r\n\tat org.testng.Assert.assertEqualsImpl(Assert.java:150)\r\n\tat org.testng.Assert.assertEquals(Assert.java:132)\r\n\tat org.testng.Assert.assertEquals(Assert.java:644)\r\n\tat stepdefs.CartStepdefs.theProductShouldBeInCart(CartStepdefs.java:41)\r\n\tat ✽.the product \"Falcon 9\" should be in Cart(file:///C:/Users/Haldun35/IdeaProjects/DemosBellatrix_HA/src/test/resources/FeatureCart.feature:7)\r\n","flaky":false,"newFailed":false,"newBroken":false,"newPassed":false,"retriesCount":0,"retriesStatusChange":false,"beforeStages":[],"testStage":{"status":"failed","statusMessage":"expected [Falcon 9] but found [[[ChromeDriver: chrome on windows (3dfc032ab7d9ab605af5a16b49756be8)] -> xpath: //a[text()='Falcon 9']]]","statusTrace":"java.lang.AssertionError: expected [Falcon 9] but found [[[ChromeDriver: chrome on windows (3dfc032ab7d9ab605af5a16b49756be8)] -> xpath: //a[text()='Falcon 9']]]\r\n\tat org.testng.Assert.fail(Assert.java:111)\r\n\tat org.testng.Assert.failNotEquals(Assert.java:1578)\r\n\tat org.testng.Assert.assertEqualsImpl(Assert.java:150)\r\n\tat org.testng.Assert.assertEquals(Assert.java:132)\r\n\tat org.testng.Assert.assertEquals(Assert.java:644)\r\n\tat stepdefs.CartStepdefs.theProductShouldBeInCart(CartStepdefs.java:41)\r\n\tat ✽.the product \"Falcon 9\" should be in Cart(file:///C:/Users/Haldun35/IdeaProjects/DemosBellatrix_HA/src/test/resources/FeatureCart.feature:7)\r\n","steps":[{"name":"Given  user on homepage","time":{"start":1701949339062,"stop":1701949342561,"duration":3499},"status":"passed","steps":[],"attachments":[],"parameters":[],"shouldDisplayMessage":false,"attachmentsCount":0,"stepsCount":0,"hasContent":false},{"name":"When  user add the product \"Falcon 9\" to the cart","time":{"start":1701949342562,"stop":1701949343104,"duration":542},"status":"passed","steps":[],"attachments":[],"parameters":[],"shouldDisplayMessage":false,"attachmentsCount":0,"stepsCount":0,"hasContent":false},{"name":"And  user click to Cart","time":{"start":1701949343104,"stop":1701949344386,"duration":1282},"status":"passed","steps":[],"attachments":[],"parameters":[],"shouldDisplayMessage":false,"attachmentsCount":0,"stepsCount":0,"hasContent":false},{"name":"Then  the product \"Falcon 9\" should be in Cart","time":{"start":1701949344386,"stop":1701949344403,"duration":17},"status":"failed","statusMessage":"expected [Falcon 9] but found [[[ChromeDriver: chrome on windows (3dfc032ab7d9ab605af5a16b49756be8)] -> xpath: //a[text()='Falcon 9']]]","statusTrace":"java.lang.AssertionError: expected [Falcon 9] but found [[[ChromeDriver: chrome on windows (3dfc032ab7d9ab605af5a16b49756be8)] -> xpath: //a[text()='Falcon 9']]]\r\n\tat org.testng.Assert.fail(Assert.java:111)\r\n\tat org.testng.Assert.failNotEquals(Assert.java:1578)\r\n\tat org.testng.Assert.assertEqualsImpl(Assert.java:150)\r\n\tat org.testng.Assert.assertEquals(Assert.java:132)\r\n\tat org.testng.Assert.assertEquals(Assert.java:644)\r\n\tat stepdefs.CartStepdefs.theProductShouldBeInCart(CartStepdefs.java:41)\r\n\tat ✽.the product \"Falcon 9\" should be in Cart(file:///C:/Users/Haldun35/IdeaProjects/DemosBellatrix_HA/src/test/resources/FeatureCart.feature:7)\r\n","steps":[],"attachments":[],"parameters":[],"shouldDisplayMessage":true,"attachmentsCount":0,"stepsCount":0,"hasContent":true}],"attachments":[],"parameters":[],"shouldDisplayMessage":false,"attachmentsCount":0,"stepsCount":4,"hasContent":true},"afterStages":[{"name":"stepdefs.Hooks.teardown()","time":{"start":1701949344406,"stop":1701949344407,"duration":1},"status":"passed","steps":[],"attachments":[],"parameters":[],"shouldDisplayMessage":false,"attachmentsCount":0,"stepsCount":0,"hasContent":false}],"labels":[{"name":"host","value":"PF3XDQCF"},{"name":"thread","value":"16448@PF3XDQCF.main(1)"},{"name":"feature","value":"Add to Cart"},{"name":"story","value":"Add to Cart"},{"name":"suite","value":"Add to Cart"},{"name":"testClass","value":"Add to Cart"},{"name":"framework","value":"cucumber4jvm"},{"name":"language","value":"java"},{"name":"gherkin_uri","value":"file:///C:/Users/Haldun35/IdeaProjects/DemosBellatrix_HA/src/test/resources/FeatureCart.feature"},{"name":"package","value":"src.test.resources.FeatureCart_feature.Add to Cart"},{"name":"resultFormat","value":"allure2"}],"parameters":[],"links":[],"hidden":true,"retry":true,"extra":{"categories":[],"tags":[]},"source":"56f4aa5242bd0eba.json","parameterValues":[]}